
total 116
-rw-r--r-- 1 qzoli qzoli   394 Feb  2 21:17 Makefile
-rw-r--r-- 1 qzoli qzoli  5247 Feb  3 08:16 ast.c
-rw-r--r-- 1 qzoli qzoli   387 Feb  3 20:10 essayage.c
-rw-r--r-- 1 qzoli qzoli  4178 Feb  5 09:21 exec_ast.c
drwxr-xr-x 2 qzoli qzoli  4096 Jan 31 18:04 exemples a conserver
-rw-r--r-- 1 qzoli qzoli  1915 Feb  5 07:30 helpers.c
-rw-r--r-- 1 qzoli qzoli  2231 Feb  5 07:39 init.c
-rw-r--r-- 1 qzoli qzoli   799 Feb  2 21:25 inlst.c
drwxr-xr-x 6 qzoli qzoli  4096 Jan 10 14:27 libft
-rw-r--r-- 1 qzoli qzoli  1134 Feb  5 09:19 main.c
-rwxr-xr-x 1 qzoli qzoli 42144 Feb  5 09:47 minishell
-rw-r--r-- 1 qzoli qzoli  6168 Feb  5 09:15 minishell.h
-rw-r--r-- 1 qzoli qzoli     1 Feb  5 09:21 outfile.out
-rw-r--r-- 1 qzoli qzoli   875 Feb  2 21:18 outlst.c
-rw-r--r-- 1 qzoli qzoli  2103 Feb  2 21:58 tokenize.c
-rw-r--r-- 1 qzoli qzoli  2372 Feb  3 08:14 utils.c
total 116
-rw-r--r-- 1 qzoli qzoli   394 Feb  2 21:17 Makefile
-rw-r--r-- 1 qzoli qzoli  5247 Feb  3 08:16 ast.c
-rw-r--r-- 1 qzoli qzoli   387 Feb  3 20:10 essayage.c
-rw-r--r-- 1 qzoli qzoli  4178 Feb  5 09:21 exec_ast.c
drwxr-xr-x 2 qzoli qzoli  4096 Jan 31 18:04 exemples a conserver
-rw-r--r-- 1 qzoli qzoli  1915 Feb  5 07:30 helpers.c
-rw-r--r-- 1 qzoli qzoli  2231 Feb  5 07:39 init.c
-rw-r--r-- 1 qzoli qzoli   799 Feb  2 21:25 inlst.c
drwxr-xr-x 6 qzoli qzoli  4096 Jan 10 14:27 libft
-rw-r--r-- 1 qzoli qzoli  1134 Feb  5 09:19 main.c
-rwxr-xr-x 1 qzoli qzoli 42144 Feb  5 09:47 minishell
-rw-r--r-- 1 qzoli qzoli  6168 Feb  5 09:15 minishell.h
-rw-r--r-- 1 qzoli qzoli   873 Feb  5 09:47 outfile.out
-rw-r--r-- 1 qzoli qzoli   875 Feb  2 21:18 outlst.c
-rw-r--r-- 1 qzoli qzoli  2103 Feb  2 21:58 tokenize.c
-rw-r--r-- 1 qzoli qzoli  2372 Feb  3 08:14 utils.c
